
hpeesofsim (*) 450.shp Jan 21 2016, MINT version 4
    (64-bit windows built: 01/21/16 15:34:19)
Copyright 1995 - 2015 Keysight Technologies, 1989-2016.

Warning detected by hpeesofsim during netlist flattening.
    Resistor `A1.RSSP' is shorted.


CT Sweep1[1] <LNAProject_lib:DCIV:schematic>   VGS=(-1->0)

DC Sweep1[1].DC1[1/11] <LNAProject_lib:DCIV:schematic>  VGS=-1  VDS=(0->5)
.Pt DC convergence is used.

.
..................................................

DC Sweep1[1].DC1[2/11] <LNAProject_lib:DCIV:schematic>  VGS=-900e-03  VDS=(0->5)
.
.
..................................................

DC Sweep1[1].DC1[3/11] <LNAProject_lib:DCIV:schematic>  VGS=-800e-03  VDS=(0->5)
.
.
..................................................

DC Sweep1[1].DC1[4/11] <LNAProject_lib:DCIV:schematic>  VGS=-700e-03  VDS=(0->5)
.
.
..................................................

DC Sweep1[1].DC1[5/11] <LNAProject_lib:DCIV:schematic>  VGS=-600e-03  VDS=(0->5)
.
.
..................................................

DC Sweep1[1].DC1[6/11] <LNAProject_lib:DCIV:schematic>  VGS=-500e-03  VDS=(0->5)
.
.
..................................................

DC Sweep1[1].DC1[7/11] <LNAProject_lib:DCIV:schematic>  VGS=-400e-03  VDS=(0->5)
.
.
..................................................

DC Sweep1[1].DC1[8/11] <LNAProject_lib:DCIV:schematic>  VGS=-300e-03  VDS=(0->5)
.
.
..................................................

DC Sweep1[1].DC1[9/11] <LNAProject_lib:DCIV:schematic>  VGS=-200e-03  VDS=(0->5)
.
.
..................................................

DC Sweep1[1].DC1[10/11] <LNAProject_lib:DCIV:schematic>  VGS=-100e-03  VDS=(0->5)
.
.
..................................................

DC Sweep1[1].DC1[11/11] <LNAProject_lib:DCIV:schematic>  VGS=0  VDS=(0->5)
.
.
..................................................

Resource usage:
  Total stopwatch time     =     3.27 seconds.

